#
# There is insufficient memory for the Java Runtime Environment to continue.
# Native memory allocation (mmap) failed to map 134217728 bytes for Failed to commit area from 0x0000000081400000 to 0x0000000089400000 of length 134217728.
# Possible reasons:
#   The system is out of physical RAM or swap space
#   The process is running with CompressedOops enabled, and the Java Heap may be blocking the growth of the native heap
# Possible solutions:
#   Reduce memory load on the system
#   Increase physical memory or swap space
#   Check if swap backing store is full
#   Decrease Java heap size (-Xmx/-Xms)
#   Decrease number of Java threads
#   Decrease Java thread stack sizes (-Xss)
#   Set larger code cache with -XX:ReservedCodeCacheSize=
# This output file may be truncated or incomplete.
#
#  Out of Memory Error (./src/hotspot/os/windows/os_windows.cpp:3521), pid=9128, tid=8484
#
# JRE version:  (11.0.12+7) (build )
# Java VM: OpenJDK 64-Bit Server VM (11.0.12+7-b1504.28-7817840, mixed mode, sharing, tiered, compressed oops, g1 gc, windows-amd64)
# No core dump will be written. Minidumps are not enabled by default on client versions of Windows
#

---------------  S U M M A R Y ------------

Command Line: git4idea.http.GitAskPassApp Username for 'https://github.com': 

Host: Intel(R) Core(TM) i3-7020U CPU @ 2.30GHz, 4 cores, 7G,  Windows 10 , 64 bit Build 19041 (10.0.19041.1889)
Time: Tue Nov  8 03:37:10 2022 Центральная Азия (зима) elapsed time: 0.059493 seconds (0d 0h 0m 0s)

---------------  T H R E A D  ---------------

Current thread (0x000002b3546ba800):  JavaThread "Unknown thread" [_thread_in_vm, id=8484, stack(0x000000fe13700000,0x000000fe13800000)]

Stack: [0x000000fe13700000,0x000000fe13800000]
Native frames: (J=compiled Java code, j=interpreted, Vv=VM code, C=native code)
V  [jvm.dll+0x5fbcea]
V  [jvm.dll+0x731905]
V  [jvm.dll+0x732f1d]
V  [jvm.dll+0x7335d3]
V  [jvm.dll+0x247bf8]
V  [jvm.dll+0x5f90b4]
V  [jvm.dll+0x5edc85]
V  [jvm.dll+0x305aeb]
V  [jvm.dll+0x305a5a]
V  [jvm.dll+0x305932]
V  [jvm.dll+0x30a896]
V  [jvm.dll+0x353803]
V  [jvm.dll+0x353f06]
V  [jvm.dll+0x353903]
V  [jvm.dll+0x2e0678]
V  [jvm.dll+0x2e1827]
V  [jvm.dll+0x710037]
V  [jvm.dll+0x71182c]
V  [jvm.dll+0x360da9]
V  [jvm.dll+0x6f390e]
V  [jvm.dll+0x3c9723]
V  [jvm.dll+0x3cb9b1]
C  [jli.dll+0x536b]
C  [ucrtbase.dll+0x21bb2]
C  [KERNEL32.DLL+0x17034]
C  [ntdll.dll+0x526a1]


---------------  P R O C E S S  ---------------

Threads class SMR info:
_java_thread_list=0x000002b35256f5b0, length=0, elements={
}

Java Threads: ( => current thread )

Other Threads:
  0x000002b3546d2000 GCTaskThread "GC Thread#0" [stack: 0x000000fe13800000,0x000000fe13900000] [id=10692]
  0x000002b354702800 ConcurrentGCThread "G1 Main Marker" [stack: 0x000000fe13900000,0x000000fe13a00000] [id=6464]
  0x000002b354704000 ConcurrentGCThread "G1 Conc#0" [stack: 0x000000fe13a00000,0x000000fe13b00000] [id=4316]

[error occurred during error reporting (printing all threads), id 0xc0000005, EXCEPTION_ACCESS_VIOLATION (0xc0000005) at pc=0x00007fffdc820be7]

VM state:not at safepoint (not fully initialized)

VM Mutex/Monitor currently owned by a thread:  ([mutex/lock_event])
[0x000002b3546b5480] Heap_lock - owner thread: 0x000002b3546ba800

Heap address: 0x0000000081400000, size: 2028 MB, Compressed Oops mode: Non-zero based: 0x0000000081400000
Narrow klass base: 0x0000000000000000, Narrow klass shift: 0

GC Heap History (0 events):
No events

Deoptimization events (0 events):
No events

Classes redefined (0 events):
No events

Internal exceptions (0 events):
No events

Events (1 events):
Event: 0.023 Loaded shared library F:\AndroidStudio\jre\bin\zip.dll


Dynamic libraries:
0x00007ff7e9390000 - 0x00007ff7e939a000 	F:\AndroidStudio\jre\bin\java.exe
0x00007ff843d30000 - 0x00007ff843f28000 	C:\WINDOWS\SYSTEM32\ntdll.dll
0x00007ff843590000 - 0x00007ff84364d000 	C:\WINDOWS\System32\KERNEL32.DLL
0x00007ff8417b0000 - 0x00007ff841a82000 	C:\WINDOWS\System32\KERNELBASE.dll
0x00007ff8416b0000 - 0x00007ff8417b0000 	C:\WINDOWS\System32\ucrtbase.dll
0x00007ff83bed0000 - 0x00007ff83bee7000 	F:\AndroidStudio\jre\bin\VCRUNTIME140.dll
0x00007ff83bef0000 - 0x00007ff83bf09000 	F:\AndroidStudio\jre\bin\jli.dll
0x00007ff843aa0000 - 0x00007ff843c3d000 	C:\WINDOWS\System32\USER32.dll
0x00007ff82db60000 - 0x00007ff82ddfa000 	C:\WINDOWS\WinSxS\amd64_microsoft.windows.common-controls_6595b64144ccf1df_6.0.19041.1110_none_60b5254171f9507e\COMCTL32.dll
0x00007ff841d60000 - 0x00007ff841d82000 	C:\WINDOWS\System32\win32u.dll
0x00007ff843250000 - 0x00007ff8432ee000 	C:\WINDOWS\System32\msvcrt.dll
0x00007ff841e60000 - 0x00007ff841e8b000 	C:\WINDOWS\System32\GDI32.dll
0x00007ff8415a0000 - 0x00007ff8416af000 	C:\WINDOWS\System32\gdi32full.dll
0x00007ff841500000 - 0x00007ff84159d000 	C:\WINDOWS\System32\msvcp_win.dll
0x00007ff843490000 - 0x00007ff8434c0000 	C:\WINDOWS\System32\IMM32.DLL
0x00007ff8195d0000 - 0x00007ff81966d000 	F:\AndroidStudio\jre\bin\msvcp140.dll
0x00007fffdc530000 - 0x00007fffdd015000 	F:\AndroidStudio\jre\bin\server\jvm.dll
0x00007ff841db0000 - 0x00007ff841e5e000 	C:\WINDOWS\System32\ADVAPI32.dll
0x00007ff842510000 - 0x00007ff8425ac000 	C:\WINDOWS\System32\sechost.dll
0x00007ff843970000 - 0x00007ff843a95000 	C:\WINDOWS\System32\RPCRT4.dll
0x00007ff842ee0000 - 0x00007ff842ee8000 	C:\WINDOWS\System32\PSAPI.DLL
0x00007ff828a40000 - 0x00007ff828a49000 	C:\WINDOWS\SYSTEM32\WSOCK32.dll
0x00007ff81be30000 - 0x00007ff81be57000 	C:\WINDOWS\SYSTEM32\WINMM.dll
0x00007ff837d00000 - 0x00007ff837d0a000 	C:\WINDOWS\SYSTEM32\VERSION.dll
0x00007ff8434c0000 - 0x00007ff84352b000 	C:\WINDOWS\System32\WS2_32.dll
0x00007ff83fc90000 - 0x00007ff83fca2000 	C:\WINDOWS\SYSTEM32\kernel.appcore.dll
0x00007ff838a60000 - 0x00007ff838a71000 	F:\AndroidStudio\jre\bin\verify.dll
0x00007ff83f200000 - 0x00007ff83f3e4000 	C:\WINDOWS\SYSTEM32\DBGHELP.DLL
0x00007ff8274e0000 - 0x00007ff82750c000 	C:\WINDOWS\SYSTEM32\dbgcore.DLL
0x00007ff841440000 - 0x00007ff8414c2000 	C:\WINDOWS\System32\bcryptPrimitives.dll
0x00007ff81f780000 - 0x00007ff81f7a9000 	F:\AndroidStudio\jre\bin\java.dll
0x00007ff83be50000 - 0x00007ff83be5b000 	F:\AndroidStudio\jre\bin\jimage.dll
0x00007ff8270e0000 - 0x00007ff8270f8000 	F:\AndroidStudio\jre\bin\zip.dll

dbghelp: loaded successfully - version: 4.0.5 - missing functions: none
symbol engine: initialized successfully - sym options: 0x614 - pdb path: .;F:\AndroidStudio\jre\bin;C:\WINDOWS\SYSTEM32;C:\WINDOWS\WinSxS\amd64_microsoft.windows.common-controls_6595b64144ccf1df_6.0.19041.1110_none_60b5254171f9507e;F:\AndroidStudio\jre\bin\server

VM Arguments:
java_command: git4idea.http.GitAskPassApp Username for 'https://github.com': 
java_class_path (initial): F:/AndroidStudio/plugins/git4idea/lib/git4idea-rt.jar;F:/AndroidStudio/lib/xmlrpc-2.0.1.jar;F:/AndroidStudio/lib/commons-codec-1.15.jar
Launcher Type: SUN_STANDARD

[Global flags]
     intx CICompilerCount                          = 3                                         {product} {ergonomic}
     uint ConcGCThreads                            = 1                                         {product} {ergonomic}
     uint G1ConcRefinementThreads                  = 4                                         {product} {ergonomic}
   size_t G1HeapRegionSize                         = 1048576                                   {product} {ergonomic}
    uintx GCDrainStackTargetSize                   = 64                                        {product} {ergonomic}
   size_t InitialHeapSize                          = 134217728                                 {product} {ergonomic}
   size_t MarkStackSize                            = 4194304                                   {product} {ergonomic}
   size_t MaxHeapSize                              = 2126512128                                {product} {ergonomic}
   size_t MinHeapDeltaBytes                        = 1048576                                   {product} {ergonomic}
    uintx NonNMethodCodeHeapSize                   = 5830732                                {pd product} {ergonomic}
    uintx NonProfiledCodeHeapSize                  = 122913754                              {pd product} {ergonomic}
    uintx ProfiledCodeHeapSize                     = 122913754                              {pd product} {ergonomic}
    uintx ReservedCodeCacheSize                    = 251658240                              {pd product} {ergonomic}
     bool SegmentedCodeCache                       = true                                      {product} {ergonomic}
     bool UseCompressedClassPointers               = true                                 {lp64_product} {ergonomic}
     bool UseCompressedOops                        = true                                 {lp64_product} {ergonomic}
     bool UseG1GC                                  = true                                      {product} {ergonomic}
     bool UseLargePagesIndividualAllocation        = false                                  {pd product} {ergonomic}

Logging:
Log output configuration:
 #0: stdout all=warning uptime,level,tags
 #1: stderr all=off uptime,level,tags

Environment Variables:
JAVA_HOME=C:\Program Files\Java\jdk-18.0.2.1
PATH=F:\Git\mingw64\libexec\git-core;F:\Git\mingw64\libexec\git-core;F:\Git\mingw64\bin;F:\Git\usr\bin;C:\Users\Sultan\bin;C:\Program Files\Common Files\Oracle\Java\javapath;C:\WINDOWS\system32;C:\WINDOWS;C:\WINDOWS\System32\Wbem;C:\WINDOWS\System32\WindowsPowerShell\v1.0;C:\WINDOWS\System32\OpenSSH;C:\Program Files\Java\jdk-18.0.2.1\bin;F:\Git\cmd;C:\Users\Sultan\AppData\Local\Microsoft\WindowsApps;C:\Program Files\JetBrains\IntelliJ IDEA Community Edition 2022.2.1\bin;F:\Microsoft VS Code\bin
USERNAME=Sultan
DISPLAY=:0.0
LC_ALL=en_US.UTF-8
OS=Windows_NT
PROCESSOR_IDENTIFIER=Intel64 Family 6 Model 142 Stepping 10, GenuineIntel



---------------  S Y S T E M  ---------------

OS: Windows 10 , 64 bit Build 19041 (10.0.19041.1889)
OS uptime: 0 days 7:06 hours

CPU:total 4 (initial active 4) (2 cores per cpu, 2 threads per core) family 6 model 142 stepping 10 microcode 0xb4, cmov, cx8, fxsr, mmx, sse, sse2, sse3, ssse3, sse4.1, sse4.2, popcnt, avx, avx2, aes, clmul, erms, 3dnowpref, lzcnt, ht, tsc, tscinvbit, bmi1, bmi2, adx, fma

Memory: 4k page, system-wide physical 8108M (875M free)
TotalPageFile size 10156M (AvailPageFile size 83M)
current process WorkingSet (physical memory assigned to process): 9M, peak: 9M
current process commit charge ("private bytes"): 51M, peak: 179M

vm_info: OpenJDK 64-Bit Server VM (11.0.12+7-b1504.28-7817840) for windows-amd64 JRE (11.0.12+7-b1504.28-7817840), built on Oct 13 2021 22:12:33 by "builder" with MS VC++ 14.0 (VS2015)

END.
